2018-05-02 11:05:50,296 [Worker-1] INFO  o.e.m.c.i.l.LifecycleMappingFactory - Using org.maven.ide.eclipse.wtp.WarLifecycleMapping lifecycle mapping for MavenProject: andre.wendel:TesteMaven:0.0.1-SNAPSHOT @ /mnt/589CD3813D8175C1/usuario/docs/estudo/eclipse/JavaEE/EstudoJSF/TesteMaven/pom.xml.
2018-05-02 11:05:52,604 [Worker-1] INFO  o.e.m.j.i.AbstractJavaProjectConfigurator - Adding source folder /TesteMaven/src/main/java
2018-05-02 11:05:52,607 [Worker-1] INFO  o.e.m.j.i.AbstractJavaProjectConfigurator - Adding resource folder /TesteMaven/src/main/resources
2018-05-02 11:05:52,609 [Worker-1] INFO  o.e.m.j.i.AbstractJavaProjectConfigurator - Adding source folder /TesteMaven/src/test/java
2018-05-02 11:05:52,609 [Worker-1] INFO  o.e.m.j.i.AbstractJavaProjectConfigurator - Adding resource folder /TesteMaven/src/test/resources
2018-05-02 11:06:02,564 [Worker-20] WARN  o.e.m.c.i.embedder.EclipseLogger - Using platform encoding (UTF-8 actually) to copy filtered resources, i.e. build is platform dependent!
2018-05-02 11:06:02,637 [Worker-20] INFO  o.e.m.c.i.embedder.EclipseLogger - Copying 0 resource
2018-05-02 11:06:02,648 [Worker-20] WARN  o.e.m.c.i.embedder.EclipseLogger - Using platform encoding (UTF-8 actually) to copy filtered resources, i.e. build is platform dependent!
2018-05-02 11:06:02,650 [Worker-20] INFO  o.e.m.c.i.embedder.EclipseLogger - Copying 0 resource
2018-05-02 11:07:34,433 [Worker-18] WARN  o.e.m.c.i.embedder.EclipseLogger - Using platform encoding (UTF-8 actually) to copy filtered resources, i.e. build is platform dependent!
2018-05-02 11:07:34,472 [Worker-18] INFO  o.e.m.c.i.embedder.EclipseLogger - Copying 0 resource
2018-05-02 11:07:34,474 [Worker-18] WARN  o.e.m.c.i.embedder.EclipseLogger - Using platform encoding (UTF-8 actually) to copy filtered resources, i.e. build is platform dependent!
2018-05-02 11:07:34,475 [Worker-18] INFO  o.e.m.c.i.embedder.EclipseLogger - Copying 0 resource
2018-05-02 11:11:24,458 [Worker-19] WARN  o.e.m.c.i.embedder.EclipseLogger - Using platform encoding (UTF-8 actually) to copy filtered resources, i.e. build is platform dependent!
2018-05-02 11:11:24,469 [Worker-19] INFO  o.e.m.c.i.embedder.EclipseLogger - Copying 0 resource
2018-05-02 11:11:24,477 [Worker-19] WARN  o.e.m.c.i.embedder.EclipseLogger - Using platform encoding (UTF-8 actually) to copy filtered resources, i.e. build is platform dependent!
2018-05-02 11:11:24,484 [Worker-19] INFO  o.e.m.c.i.embedder.EclipseLogger - Copying 0 resource
2018-05-02 11:11:38,478 [Worker-19] WARN  o.e.m.c.i.embedder.EclipseLogger - Using platform encoding (UTF-8 actually) to copy filtered resources, i.e. build is platform dependent!
2018-05-02 11:11:38,479 [Worker-19] INFO  o.e.m.c.i.embedder.EclipseLogger - Copying 0 resource
2018-05-02 11:11:38,481 [Worker-19] WARN  o.e.m.c.i.embedder.EclipseLogger - Using platform encoding (UTF-8 actually) to copy filtered resources, i.e. build is platform dependent!
2018-05-02 11:11:38,482 [Worker-19] INFO  o.e.m.c.i.embedder.EclipseLogger - Copying 0 resource
2018-05-02 11:33:02,866 [main] INFO  o.e.m2e.actions.ExecutePomAction - Creating new launch configuration
2018-05-02 11:34:07,885 [Worker-18] INFO  o.e.m.i.launch.MavenLaunchDelegate - /mnt/589CD3813D8175C1/usuario/docs/estudo/eclipse/JavaEE/EstudoJSF/TesteMaven
2018-05-02 11:34:07,886 [Worker-18] INFO  o.e.m.i.launch.MavenLaunchDelegate -  mvn  -B clean package
2018-05-02 11:42:04,815 [Worker-18] WARN  o.e.m.c.i.embedder.EclipseLogger - Using platform encoding (UTF-8 actually) to copy filtered resources, i.e. build is platform dependent!
2018-05-02 11:42:04,867 [Worker-18] INFO  o.e.m.c.i.embedder.EclipseLogger - Copying 0 resource
2018-05-02 11:42:04,869 [Worker-18] WARN  o.e.m.c.i.embedder.EclipseLogger - Using platform encoding (UTF-8 actually) to copy filtered resources, i.e. build is platform dependent!
2018-05-02 11:42:04,870 [Worker-18] INFO  o.e.m.c.i.embedder.EclipseLogger - Copying 0 resource
2018-05-02 11:42:21,157 [Worker-32] WARN  o.e.m.c.i.embedder.EclipseLogger - Using platform encoding (UTF-8 actually) to copy filtered resources, i.e. build is platform dependent!
2018-05-02 11:42:21,158 [Worker-32] INFO  o.e.m.c.i.embedder.EclipseLogger - Copying 0 resource
2018-05-02 11:42:21,159 [Worker-32] WARN  o.e.m.c.i.embedder.EclipseLogger - Using platform encoding (UTF-8 actually) to copy filtered resources, i.e. build is platform dependent!
2018-05-02 11:42:21,160 [Worker-32] INFO  o.e.m.c.i.embedder.EclipseLogger - Copying 0 resource
2018-05-02 11:46:27,816 [Worker-37] INFO  o.e.m.c.i.l.LifecycleMappingFactory - Using org.maven.ide.eclipse.wtp.WarLifecycleMapping lifecycle mapping for MavenProject: andre.wendel:TesteMaven:0.0.1-SNAPSHOT @ /mnt/589CD3813D8175C1/usuario/docs/estudo/eclipse/JavaEE/EstudoJSF/TesteMaven/pom.xml.
2018-05-02 11:46:29,893 [Worker-37] WARN  o.e.m.c.i.embedder.EclipseLogger - Using platform encoding (UTF-8 actually) to copy filtered resources, i.e. build is platform dependent!
2018-05-02 11:46:29,904 [Worker-37] INFO  o.e.m.c.i.embedder.EclipseLogger - Copying 0 resource
2018-05-02 11:46:29,908 [Worker-37] WARN  o.e.m.c.i.embedder.EclipseLogger - Using platform encoding (UTF-8 actually) to copy filtered resources, i.e. build is platform dependent!
2018-05-02 11:46:29,909 [Worker-37] INFO  o.e.m.c.i.embedder.EclipseLogger - Copying 0 resource
2018-05-02 11:46:29,917 [Worker-37] INFO  o.e.m.w.i.f.ResourceFilteringBuildParticipant - Changed resources require a complete clean of filtered resources of TesteMaven
2018-05-02 11:46:29,977 [Worker-37] INFO  o.e.m.w.i.f.ResourceFilteringBuildParticipant - Executing resource filtering for TesteMaven
2018-05-02 11:46:29,990 [Worker-37] WARN  o.e.m.c.i.embedder.EclipseLogger - Using platform encoding (UTF-8 actually) to copy filtered resources, i.e. build is platform dependent!
2018-05-02 11:59:36,944 [Worker-42] INFO  o.e.m.c.i.l.LifecycleMappingFactory - Using org.maven.ide.eclipse.wtp.WarLifecycleMapping lifecycle mapping for MavenProject: andre.wendel:TesteMaven:0.0.1-SNAPSHOT @ /mnt/589CD3813D8175C1/usuario/docs/estudo/eclipse/JavaEE/EstudoJSF/TesteMaven/pom.xml.
2018-05-02 11:59:38,259 [Worker-42] WARN  o.e.m.c.i.embedder.EclipseLogger - Using platform encoding (UTF-8 actually) to copy filtered resources, i.e. build is platform dependent!
2018-05-02 11:59:38,262 [Worker-42] INFO  o.e.m.c.i.embedder.EclipseLogger - Copying 0 resource
2018-05-02 11:59:38,265 [Worker-42] WARN  o.e.m.c.i.embedder.EclipseLogger - Using platform encoding (UTF-8 actually) to copy filtered resources, i.e. build is platform dependent!
2018-05-02 11:59:38,265 [Worker-42] INFO  o.e.m.c.i.embedder.EclipseLogger - Copying 0 resource
2018-05-02 11:59:38,266 [Worker-42] INFO  o.e.m.w.i.f.ResourceFilteringBuildParticipant - Changed resources require a complete clean of filtered resources of TesteMaven
2018-05-02 11:59:38,266 [Worker-42] INFO  o.e.m.w.i.f.ResourceFilteringBuildParticipant - Executing resource filtering for TesteMaven
2018-05-02 11:59:38,272 [Worker-42] WARN  o.e.m.c.i.embedder.EclipseLogger - Using platform encoding (UTF-8 actually) to copy filtered resources, i.e. build is platform dependent!
2018-05-02 12:00:17,626 [Worker-40] INFO  o.e.m.c.i.l.LifecycleMappingFactory - Using org.maven.ide.eclipse.wtp.WarLifecycleMapping lifecycle mapping for MavenProject: andre.wendel:TesteMaven:0.0.1-SNAPSHOT @ /mnt/589CD3813D8175C1/usuario/docs/estudo/eclipse/JavaEE/EstudoJSF/TesteMaven/pom.xml.
2018-05-02 12:00:23,440 [Worker-41] INFO  o.e.m.c.i.e.AbstractTransferListenerAdapter - Downloading https://repo.maven.apache.org/maven2/org/primefaces/primefaces/6.2/primefaces-6.2.pom
2018-05-02 12:00:23,867 [Worker-41] INFO  o.e.m.c.i.e.AbstractTransferListenerAdapter - Downloaded https://repo.maven.apache.org/maven2/org/primefaces/primefaces/6.2/primefaces-6.2.pom
2018-05-02 12:00:24,012 [Worker-40] INFO  o.e.m.c.i.e.AbstractTransferListenerAdapter - Downloading https://repo.maven.apache.org/maven2/org/sonatype/oss/oss-parent/7/oss-parent-7.pom
2018-05-02 12:00:24,148 [Worker-40] INFO  o.e.m.c.i.e.AbstractTransferListenerAdapter - Downloaded https://repo.maven.apache.org/maven2/org/sonatype/oss/oss-parent/7/oss-parent-7.pom
2018-05-02 12:00:24,297 [Worker-41] INFO  o.e.m.c.i.e.AbstractTransferListenerAdapter - Downloading https://repo.maven.apache.org/maven2/org/primefaces/primefaces/6.2/primefaces-6.2.jar
2018-05-02 12:02:04,458 [Worker-41] INFO  o.e.m.c.i.e.AbstractTransferListenerAdapter - Downloaded https://repo.maven.apache.org/maven2/org/primefaces/primefaces/6.2/primefaces-6.2.jar
2018-05-02 12:02:05,469 [Worker-40] WARN  o.e.m.c.i.embedder.EclipseLogger - Using platform encoding (UTF-8 actually) to copy filtered resources, i.e. build is platform dependent!
2018-05-02 12:02:05,473 [Worker-40] INFO  o.e.m.c.i.embedder.EclipseLogger - Copying 0 resource
2018-05-02 12:02:05,475 [Worker-40] WARN  o.e.m.c.i.embedder.EclipseLogger - Using platform encoding (UTF-8 actually) to copy filtered resources, i.e. build is platform dependent!
2018-05-02 12:02:05,476 [Worker-40] INFO  o.e.m.c.i.embedder.EclipseLogger - Copying 0 resource
2018-05-02 12:02:05,477 [Worker-40] INFO  o.e.m.w.i.f.ResourceFilteringBuildParticipant - Changed resources require a complete clean of filtered resources of TesteMaven
2018-05-02 12:02:05,477 [Worker-40] INFO  o.e.m.w.i.f.ResourceFilteringBuildParticipant - Executing resource filtering for TesteMaven
2018-05-02 12:02:05,481 [Worker-40] WARN  o.e.m.c.i.embedder.EclipseLogger - Using platform encoding (UTF-8 actually) to copy filtered resources, i.e. build is platform dependent!
2018-05-02 12:02:06,733 [Worker-40] WARN  o.e.m.c.i.embedder.EclipseLogger - Using platform encoding (UTF-8 actually) to copy filtered resources, i.e. build is platform dependent!
2018-05-02 12:02:06,737 [Worker-40] INFO  o.e.m.c.i.embedder.EclipseLogger - Copying 0 resource
2018-05-02 12:02:06,740 [Worker-40] WARN  o.e.m.c.i.embedder.EclipseLogger - Using platform encoding (UTF-8 actually) to copy filtered resources, i.e. build is platform dependent!
2018-05-02 12:02:06,741 [Worker-40] INFO  o.e.m.c.i.embedder.EclipseLogger - Copying 0 resource
2018-05-02 12:03:02,496 [Worker-43] INFO  o.e.m.c.i.l.LifecycleMappingFactory - Using org.maven.ide.eclipse.wtp.WarLifecycleMapping lifecycle mapping for MavenProject: andre.wendel:TesteMaven:0.0.1-SNAPSHOT @ /mnt/589CD3813D8175C1/usuario/docs/estudo/eclipse/JavaEE/EstudoJSF/TesteMaven/pom.xml.
2018-05-02 12:03:02,938 [Worker-43] WARN  o.e.m.c.i.embedder.EclipseLogger - Using platform encoding (UTF-8 actually) to copy filtered resources, i.e. build is platform dependent!
2018-05-02 12:03:02,940 [Worker-43] INFO  o.e.m.c.i.embedder.EclipseLogger - Copying 0 resource
2018-05-02 12:03:02,943 [Worker-43] WARN  o.e.m.c.i.embedder.EclipseLogger - Using platform encoding (UTF-8 actually) to copy filtered resources, i.e. build is platform dependent!
2018-05-02 12:03:02,943 [Worker-43] INFO  o.e.m.c.i.embedder.EclipseLogger - Copying 0 resource
2018-05-02 12:03:02,944 [Worker-43] INFO  o.e.m.w.i.f.ResourceFilteringBuildParticipant - Changed resources require a complete clean of filtered resources of TesteMaven
2018-05-02 12:03:02,944 [Worker-43] INFO  o.e.m.w.i.f.ResourceFilteringBuildParticipant - Executing resource filtering for TesteMaven
2018-05-02 12:03:02,947 [Worker-43] WARN  o.e.m.c.i.embedder.EclipseLogger - Using platform encoding (UTF-8 actually) to copy filtered resources, i.e. build is platform dependent!
2018-05-02 12:03:04,015 [Worker-45] WARN  o.e.m.c.i.embedder.EclipseLogger - Using platform encoding (UTF-8 actually) to copy filtered resources, i.e. build is platform dependent!
2018-05-02 12:03:04,016 [Worker-45] INFO  o.e.m.c.i.embedder.EclipseLogger - Copying 0 resource
2018-05-02 12:03:04,018 [Worker-45] WARN  o.e.m.c.i.embedder.EclipseLogger - Using platform encoding (UTF-8 actually) to copy filtered resources, i.e. build is platform dependent!
2018-05-02 12:03:04,019 [Worker-45] INFO  o.e.m.c.i.embedder.EclipseLogger - Copying 0 resource
2018-05-02 12:03:39,081 [Worker-35] INFO  o.e.m.c.i.l.LifecycleMappingFactory - Using org.maven.ide.eclipse.wtp.WarLifecycleMapping lifecycle mapping for MavenProject: andre.wendel:TesteMaven:0.0.1-SNAPSHOT @ /mnt/589CD3813D8175C1/usuario/docs/estudo/eclipse/JavaEE/EstudoJSF/TesteMaven/pom.xml.
2018-05-02 12:03:39,832 [Worker-35] WARN  o.e.m.c.i.embedder.EclipseLogger - Using platform encoding (UTF-8 actually) to copy filtered resources, i.e. build is platform dependent!
2018-05-02 12:03:39,834 [Worker-35] INFO  o.e.m.c.i.embedder.EclipseLogger - Copying 0 resource
2018-05-02 12:03:39,837 [Worker-35] WARN  o.e.m.c.i.embedder.EclipseLogger - Using platform encoding (UTF-8 actually) to copy filtered resources, i.e. build is platform dependent!
2018-05-02 12:03:39,838 [Worker-35] INFO  o.e.m.c.i.embedder.EclipseLogger - Copying 0 resource
2018-05-02 12:03:39,838 [Worker-35] INFO  o.e.m.w.i.f.ResourceFilteringBuildParticipant - Changed resources require a complete clean of filtered resources of TesteMaven
2018-05-02 12:03:39,839 [Worker-35] INFO  o.e.m.w.i.f.ResourceFilteringBuildParticipant - Executing resource filtering for TesteMaven
2018-05-02 12:03:39,845 [Worker-35] WARN  o.e.m.c.i.embedder.EclipseLogger - Using platform encoding (UTF-8 actually) to copy filtered resources, i.e. build is platform dependent!
2018-05-02 12:03:41,130 [Worker-48] WARN  o.e.m.c.i.embedder.EclipseLogger - Using platform encoding (UTF-8 actually) to copy filtered resources, i.e. build is platform dependent!
2018-05-02 12:03:41,133 [Worker-48] INFO  o.e.m.c.i.embedder.EclipseLogger - Copying 0 resource
2018-05-02 12:03:41,135 [Worker-48] WARN  o.e.m.c.i.embedder.EclipseLogger - Using platform encoding (UTF-8 actually) to copy filtered resources, i.e. build is platform dependent!
2018-05-02 12:03:41,140 [Worker-48] INFO  o.e.m.c.i.embedder.EclipseLogger - Copying 0 resource
2018-05-02 12:05:09,175 [Worker-35] INFO  o.e.m.c.i.l.LifecycleMappingFactory - Using org.maven.ide.eclipse.wtp.WarLifecycleMapping lifecycle mapping for MavenProject: andre.wendel:TesteMaven:0.0.1-SNAPSHOT @ /mnt/589CD3813D8175C1/usuario/docs/estudo/eclipse/JavaEE/EstudoJSF/TesteMaven/pom.xml.
2018-05-02 12:05:09,924 [Worker-35] WARN  o.e.m.c.i.embedder.EclipseLogger - Using platform encoding (UTF-8 actually) to copy filtered resources, i.e. build is platform dependent!
2018-05-02 12:05:09,926 [Worker-35] INFO  o.e.m.c.i.embedder.EclipseLogger - Copying 0 resource
2018-05-02 12:05:09,928 [Worker-35] WARN  o.e.m.c.i.embedder.EclipseLogger - Using platform encoding (UTF-8 actually) to copy filtered resources, i.e. build is platform dependent!
2018-05-02 12:05:09,935 [Worker-35] INFO  o.e.m.c.i.embedder.EclipseLogger - Copying 0 resource
2018-05-02 12:05:09,936 [Worker-35] INFO  o.e.m.w.i.f.ResourceFilteringBuildParticipant - Changed resources require a complete clean of filtered resources of TesteMaven
2018-05-02 12:05:09,936 [Worker-35] INFO  o.e.m.w.i.f.ResourceFilteringBuildParticipant - Executing resource filtering for TesteMaven
2018-05-02 12:05:09,945 [Worker-35] WARN  o.e.m.c.i.embedder.EclipseLogger - Using platform encoding (UTF-8 actually) to copy filtered resources, i.e. build is platform dependent!
2018-05-02 12:06:47,069 [Worker-35] INFO  o.e.m.c.i.l.LifecycleMappingFactory - Using org.maven.ide.eclipse.wtp.WarLifecycleMapping lifecycle mapping for MavenProject: andre.wendel:TesteMaven:0.0.1-SNAPSHOT @ /mnt/589CD3813D8175C1/usuario/docs/estudo/eclipse/JavaEE/EstudoJSF/TesteMaven/pom.xml.
2018-05-02 12:06:47,693 [Worker-35] WARN  o.e.m.c.i.embedder.EclipseLogger - Using platform encoding (UTF-8 actually) to copy filtered resources, i.e. build is platform dependent!
2018-05-02 12:06:47,697 [Worker-35] INFO  o.e.m.c.i.embedder.EclipseLogger - Copying 0 resource
2018-05-02 12:06:47,706 [Worker-35] WARN  o.e.m.c.i.embedder.EclipseLogger - Using platform encoding (UTF-8 actually) to copy filtered resources, i.e. build is platform dependent!
2018-05-02 12:06:47,707 [Worker-35] INFO  o.e.m.c.i.embedder.EclipseLogger - Copying 0 resource
2018-05-02 12:06:47,707 [Worker-35] INFO  o.e.m.w.i.f.ResourceFilteringBuildParticipant - Changed resources require a complete clean of filtered resources of TesteMaven
2018-05-02 12:06:47,708 [Worker-35] INFO  o.e.m.w.i.f.ResourceFilteringBuildParticipant - Executing resource filtering for TesteMaven
2018-05-02 12:06:47,713 [Worker-35] WARN  o.e.m.c.i.embedder.EclipseLogger - Using platform encoding (UTF-8 actually) to copy filtered resources, i.e. build is platform dependent!
2018-05-02 12:06:49,753 [Worker-41] WARN  o.e.m.c.i.embedder.EclipseLogger - Using platform encoding (UTF-8 actually) to copy filtered resources, i.e. build is platform dependent!
2018-05-02 12:06:49,756 [Worker-41] INFO  o.e.m.c.i.embedder.EclipseLogger - Copying 0 resource
2018-05-02 12:06:49,758 [Worker-41] WARN  o.e.m.c.i.embedder.EclipseLogger - Using platform encoding (UTF-8 actually) to copy filtered resources, i.e. build is platform dependent!
2018-05-02 12:06:49,760 [Worker-41] INFO  o.e.m.c.i.embedder.EclipseLogger - Copying 0 resource
2018-05-02 12:12:27,863 [Worker-52] WARN  o.e.m.c.i.embedder.EclipseLogger - Using platform encoding (UTF-8 actually) to copy filtered resources, i.e. build is platform dependent!
2018-05-02 12:12:27,864 [Worker-52] INFO  o.e.m.c.i.embedder.EclipseLogger - Copying 0 resource
2018-05-02 12:12:27,865 [Worker-52] WARN  o.e.m.c.i.embedder.EclipseLogger - Using platform encoding (UTF-8 actually) to copy filtered resources, i.e. build is platform dependent!
2018-05-02 12:12:27,865 [Worker-52] INFO  o.e.m.c.i.embedder.EclipseLogger - Copying 0 resource
2018-05-02 12:15:01,088 [Worker-53] WARN  o.e.m.c.i.embedder.EclipseLogger - Using platform encoding (UTF-8 actually) to copy filtered resources, i.e. build is platform dependent!
2018-05-02 12:15:01,098 [Worker-53] INFO  o.e.m.c.i.embedder.EclipseLogger - Copying 0 resource
2018-05-02 12:15:01,100 [Worker-53] WARN  o.e.m.c.i.embedder.EclipseLogger - Using platform encoding (UTF-8 actually) to copy filtered resources, i.e. build is platform dependent!
2018-05-02 12:15:01,101 [Worker-53] INFO  o.e.m.c.i.embedder.EclipseLogger - Copying 0 resource
2018-05-02 12:16:07,755 [Worker-58] WARN  o.e.m.c.i.embedder.EclipseLogger - Using platform encoding (UTF-8 actually) to copy filtered resources, i.e. build is platform dependent!
2018-05-02 12:16:07,756 [Worker-58] INFO  o.e.m.c.i.embedder.EclipseLogger - Copying 0 resource
2018-05-02 12:16:07,757 [Worker-58] WARN  o.e.m.c.i.embedder.EclipseLogger - Using platform encoding (UTF-8 actually) to copy filtered resources, i.e. build is platform dependent!
2018-05-02 12:16:07,758 [Worker-58] INFO  o.e.m.c.i.embedder.EclipseLogger - Copying 0 resource
2018-05-02 12:16:09,152 [Worker-54] WARN  o.e.m.c.i.embedder.EclipseLogger - Using platform encoding (UTF-8 actually) to copy filtered resources, i.e. build is platform dependent!
2018-05-02 12:16:09,155 [Worker-54] INFO  o.e.m.c.i.embedder.EclipseLogger - Copying 0 resource
2018-05-02 12:16:09,156 [Worker-54] WARN  o.e.m.c.i.embedder.EclipseLogger - Using platform encoding (UTF-8 actually) to copy filtered resources, i.e. build is platform dependent!
2018-05-02 12:16:09,164 [Worker-54] INFO  o.e.m.c.i.embedder.EclipseLogger - Copying 0 resource
2018-05-02 12:22:06,835 [Worker-57] WARN  o.e.m.c.i.embedder.EclipseLogger - Using platform encoding (UTF-8 actually) to copy filtered resources, i.e. build is platform dependent!
2018-05-02 12:22:06,836 [Worker-57] INFO  o.e.m.c.i.embedder.EclipseLogger - Copying 0 resource
2018-05-02 12:22:06,838 [Worker-57] WARN  o.e.m.c.i.embedder.EclipseLogger - Using platform encoding (UTF-8 actually) to copy filtered resources, i.e. build is platform dependent!
2018-05-02 12:22:06,839 [Worker-57] INFO  o.e.m.c.i.embedder.EclipseLogger - Copying 0 resource
2018-05-02 12:24:13,076 [Worker-60] INFO  o.e.m.c.i.l.LifecycleMappingFactory - Using org.maven.ide.eclipse.wtp.WarLifecycleMapping lifecycle mapping for MavenProject: andre.wendel:TesteMaven:0.0.1-SNAPSHOT @ /mnt/589CD3813D8175C1/usuario/docs/estudo/eclipse/JavaEE/EstudoJSF/TesteMaven/pom.xml.
2018-05-02 12:24:13,871 [Worker-60] WARN  o.e.m.c.i.embedder.EclipseLogger - Using platform encoding (UTF-8 actually) to copy filtered resources, i.e. build is platform dependent!
2018-05-02 12:24:13,874 [Worker-60] INFO  o.e.m.c.i.embedder.EclipseLogger - Copying 0 resource
2018-05-02 12:24:13,876 [Worker-60] WARN  o.e.m.c.i.embedder.EclipseLogger - Using platform encoding (UTF-8 actually) to copy filtered resources, i.e. build is platform dependent!
2018-05-02 12:24:13,877 [Worker-60] INFO  o.e.m.c.i.embedder.EclipseLogger - Copying 0 resource
2018-05-02 12:24:13,877 [Worker-60] INFO  o.e.m.w.i.f.ResourceFilteringBuildParticipant - Changed resources require a complete clean of filtered resources of TesteMaven
2018-05-02 12:24:13,878 [Worker-60] INFO  o.e.m.w.i.f.ResourceFilteringBuildParticipant - Executing resource filtering for TesteMaven
2018-05-02 12:24:13,882 [Worker-60] WARN  o.e.m.c.i.embedder.EclipseLogger - Using platform encoding (UTF-8 actually) to copy filtered resources, i.e. build is platform dependent!
2018-05-02 12:26:38,412 [Worker-19] INFO  o.e.m.c.i.l.LifecycleMappingFactory - Using org.maven.ide.eclipse.wtp.WarLifecycleMapping lifecycle mapping for MavenProject: andre.wendel:TesteMaven:0.0.1-SNAPSHOT @ /mnt/589CD3813D8175C1/usuario/docs/estudo/eclipse/JavaEE/EstudoJSF/TesteMaven/pom.xml.
2018-05-02 12:26:38,808 [Worker-19] WARN  o.e.m.c.i.embedder.EclipseLogger - Using platform encoding (UTF-8 actually) to copy filtered resources, i.e. build is platform dependent!
2018-05-02 12:26:38,811 [Worker-19] INFO  o.e.m.c.i.embedder.EclipseLogger - Copying 0 resource
2018-05-02 12:26:38,813 [Worker-19] WARN  o.e.m.c.i.embedder.EclipseLogger - Using platform encoding (UTF-8 actually) to copy filtered resources, i.e. build is platform dependent!
2018-05-02 12:26:38,814 [Worker-19] INFO  o.e.m.c.i.embedder.EclipseLogger - Copying 0 resource
2018-05-02 12:26:38,815 [Worker-19] INFO  o.e.m.w.i.f.ResourceFilteringBuildParticipant - Changed resources require a complete clean of filtered resources of TesteMaven
2018-05-02 12:26:38,816 [Worker-19] INFO  o.e.m.w.i.f.ResourceFilteringBuildParticipant - Executing resource filtering for TesteMaven
2018-05-02 12:26:38,821 [Worker-19] WARN  o.e.m.c.i.embedder.EclipseLogger - Using platform encoding (UTF-8 actually) to copy filtered resources, i.e. build is platform dependent!
2018-05-02 12:26:58,400 [Worker-60] INFO  o.e.m.w.i.f.ResourceFilteringBuildParticipant - Cleaning filtered folder for TesteMaven
2018-05-02 12:26:58,740 [Worker-62] WARN  o.e.m.c.i.embedder.EclipseLogger - Using platform encoding (UTF-8 actually) to copy filtered resources, i.e. build is platform dependent!
2018-05-02 12:26:58,742 [Worker-62] INFO  o.e.m.c.i.embedder.EclipseLogger - Copying 0 resource
2018-05-02 12:26:58,745 [Worker-62] WARN  o.e.m.c.i.embedder.EclipseLogger - Using platform encoding (UTF-8 actually) to copy filtered resources, i.e. build is platform dependent!
2018-05-02 12:26:58,746 [Worker-62] INFO  o.e.m.c.i.embedder.EclipseLogger - Copying 0 resource
2018-05-02 12:26:58,748 [Worker-62] INFO  o.e.m.w.i.f.ResourceFilteringBuildParticipant - Changed resources require a complete clean of filtered resources of TesteMaven
2018-05-02 12:26:58,749 [Worker-62] INFO  o.e.m.w.i.f.ResourceFilteringBuildParticipant - Executing resource filtering for TesteMaven
2018-05-02 12:26:58,753 [Worker-62] WARN  o.e.m.c.i.embedder.EclipseLogger - Using platform encoding (UTF-8 actually) to copy filtered resources, i.e. build is platform dependent!
2018-05-02 12:35:53,904 [Worker-63] INFO  o.e.m.c.i.e.AbstractTransferListenerAdapter - Downloaded http://repository.primefaces.org/javax/faces/javax.faces-api/2.3/javax.faces-api-2.3-sources.jar
2018-05-02 12:35:55,803 [Worker-63] INFO  o.e.m.c.i.e.AbstractTransferListenerAdapter - Downloading https://repo.maven.apache.org/maven2/javax/faces/javax.faces-api/2.3/javax.faces-api-2.3-sources.jar
2018-05-02 12:37:57,457 [Worker-63] INFO  o.e.m.c.i.e.AbstractTransferListenerAdapter - Downloaded https://repo.maven.apache.org/maven2/javax/faces/javax.faces-api/2.3/javax.faces-api-2.3-sources.jar
2018-05-02 12:37:58,152 [Worker-63] INFO  o.e.m.j.internal.DownloadSourcesJob - Downloaded sources for javax.faces:javax.faces-api:2.3
2018-05-02 12:38:03,108 [Worker-63] INFO  o.e.m.c.i.e.AbstractTransferListenerAdapter - Downloaded http://repository.primefaces.org/org/primefaces/primefaces/6.2/primefaces-6.2-sources.jar
2018-05-02 12:38:03,322 [Worker-63] INFO  o.e.m.c.i.e.AbstractTransferListenerAdapter - Downloading https://repo.maven.apache.org/maven2/org/primefaces/primefaces/6.2/primefaces-6.2-sources.jar
2018-05-02 12:39:54,268 [Worker-63] INFO  o.e.m.c.i.e.AbstractTransferListenerAdapter - Downloaded https://repo.maven.apache.org/maven2/org/primefaces/primefaces/6.2/primefaces-6.2-sources.jar
2018-05-02 12:39:54,565 [Worker-63] INFO  o.e.m.j.internal.DownloadSourcesJob - Downloaded sources for org.primefaces:primefaces:6.2
2018-05-02 12:39:55,253 [Worker-62] WARN  o.e.m.c.i.embedder.EclipseLogger - Using platform encoding (UTF-8 actually) to copy filtered resources, i.e. build is platform dependent!
2018-05-02 12:39:55,262 [Worker-62] INFO  o.e.m.c.i.embedder.EclipseLogger - Copying 0 resource
2018-05-02 12:39:55,281 [Worker-62] WARN  o.e.m.c.i.embedder.EclipseLogger - Using platform encoding (UTF-8 actually) to copy filtered resources, i.e. build is platform dependent!
2018-05-02 12:39:55,282 [Worker-62] INFO  o.e.m.c.i.embedder.EclipseLogger - Copying 0 resource
2018-05-02 14:36:22,429 [Worker-75] INFO  o.e.m.c.i.l.LifecycleMappingFactory - Using org.maven.ide.eclipse.wtp.WarLifecycleMapping lifecycle mapping for MavenProject: andre.wendel:TesteMaven:0.0.1-SNAPSHOT @ /mnt/589CD3813D8175C1/usuario/docs/estudo/eclipse/JavaEE/EstudoJSF/TesteMaven/pom.xml.
2018-05-02 14:36:31,494 [Worker-75] WARN  o.e.m.c.i.embedder.EclipseLogger - Using platform encoding (UTF-8 actually) to copy filtered resources, i.e. build is platform dependent!
2018-05-02 14:36:31,780 [Worker-75] INFO  o.e.m.c.i.embedder.EclipseLogger - Copying 0 resource
2018-05-02 14:36:31,814 [Worker-75] WARN  o.e.m.c.i.embedder.EclipseLogger - Using platform encoding (UTF-8 actually) to copy filtered resources, i.e. build is platform dependent!
2018-05-02 14:36:31,843 [Worker-75] INFO  o.e.m.c.i.embedder.EclipseLogger - Copying 0 resource
2018-05-02 14:36:31,843 [Worker-75] INFO  o.e.m.w.i.f.ResourceFilteringBuildParticipant - Changed resources require a complete clean of filtered resources of TesteMaven
2018-05-02 14:36:31,843 [Worker-75] INFO  o.e.m.w.i.f.ResourceFilteringBuildParticipant - Executing resource filtering for TesteMaven
2018-05-02 14:36:31,846 [Worker-75] WARN  o.e.m.c.i.embedder.EclipseLogger - Using platform encoding (UTF-8 actually) to copy filtered resources, i.e. build is platform dependent!
2018-05-02 14:36:40,990 [Worker-75] WARN  o.e.m.c.i.embedder.EclipseLogger - Using platform encoding (UTF-8 actually) to copy filtered resources, i.e. build is platform dependent!
2018-05-02 14:36:41,056 [Worker-75] INFO  o.e.m.c.i.embedder.EclipseLogger - Copying 0 resource
2018-05-02 14:36:41,126 [Worker-75] WARN  o.e.m.c.i.embedder.EclipseLogger - Using platform encoding (UTF-8 actually) to copy filtered resources, i.e. build is platform dependent!
2018-05-02 14:36:41,128 [Worker-75] INFO  o.e.m.c.i.embedder.EclipseLogger - Copying 0 resource
2018-05-02 14:38:52,079 [Worker-89] WARN  o.e.m.c.i.embedder.EclipseLogger - Using platform encoding (UTF-8 actually) to copy filtered resources, i.e. build is platform dependent!
2018-05-02 14:38:52,082 [Worker-89] INFO  o.e.m.c.i.embedder.EclipseLogger - Copying 0 resource
2018-05-02 14:38:52,085 [Worker-89] WARN  o.e.m.c.i.embedder.EclipseLogger - Using platform encoding (UTF-8 actually) to copy filtered resources, i.e. build is platform dependent!
2018-05-02 14:38:52,086 [Worker-89] INFO  o.e.m.c.i.embedder.EclipseLogger - Copying 0 resource
2018-05-02 14:39:34,643 [Worker-87] INFO  o.e.m.c.i.l.LifecycleMappingFactory - Using org.maven.ide.eclipse.wtp.WarLifecycleMapping lifecycle mapping for MavenProject: andre.wendel:TesteMaven:0.0.1-SNAPSHOT @ /mnt/589CD3813D8175C1/usuario/docs/estudo/eclipse/JavaEE/EstudoJSF/TesteMaven/pom.xml.
2018-05-02 14:39:39,455 [Worker-87] INFO  o.e.m.c.i.e.AbstractTransferListenerAdapter - Downloaded http://repository.primefaces.org/javax/faces/javax.faces-api/2.2/javax.faces-api-2.2.pom
2018-05-02 14:39:47,432 [Worker-87] INFO  o.e.m.c.i.e.AbstractTransferListenerAdapter - Downloading https://repo.maven.apache.org/maven2/javax/faces/javax.faces-api/2.2/javax.faces-api-2.2.pom
2018-05-02 14:39:49,151 [Worker-87] INFO  o.e.m.c.i.e.AbstractTransferListenerAdapter - Downloaded https://repo.maven.apache.org/maven2/javax/faces/javax.faces-api/2.2/javax.faces-api-2.2.pom
2018-05-02 14:39:51,640 [Worker-87] INFO  o.e.m.c.i.e.AbstractTransferListenerAdapter - Downloaded http://repository.primefaces.org/javax/faces/javax.faces-api/2.2/javax.faces-api-2.2.jar
2018-05-02 14:39:52,192 [Worker-87] INFO  o.e.m.c.i.e.AbstractTransferListenerAdapter - Downloading https://repo.maven.apache.org/maven2/javax/faces/javax.faces-api/2.2/javax.faces-api-2.2.jar
2018-05-02 14:40:18,780 [Worker-87] INFO  o.e.m.c.i.e.AbstractTransferListenerAdapter - Downloaded https://repo.maven.apache.org/maven2/javax/faces/javax.faces-api/2.2/javax.faces-api-2.2.jar
2018-05-02 14:40:23,660 [Worker-87] WARN  o.e.m.c.i.embedder.EclipseLogger - Using platform encoding (UTF-8 actually) to copy filtered resources, i.e. build is platform dependent!
2018-05-02 14:40:23,662 [Worker-87] INFO  o.e.m.c.i.embedder.EclipseLogger - Copying 0 resource
2018-05-02 14:40:23,663 [Worker-87] WARN  o.e.m.c.i.embedder.EclipseLogger - Using platform encoding (UTF-8 actually) to copy filtered resources, i.e. build is platform dependent!
2018-05-02 14:40:23,664 [Worker-87] INFO  o.e.m.c.i.embedder.EclipseLogger - Copying 0 resource
2018-05-02 14:40:23,665 [Worker-87] INFO  o.e.m.w.i.f.ResourceFilteringBuildParticipant - Changed resources require a complete clean of filtered resources of TesteMaven
2018-05-02 14:40:23,665 [Worker-87] INFO  o.e.m.w.i.f.ResourceFilteringBuildParticipant - Executing resource filtering for TesteMaven
2018-05-02 14:40:23,668 [Worker-87] WARN  o.e.m.c.i.embedder.EclipseLogger - Using platform encoding (UTF-8 actually) to copy filtered resources, i.e. build is platform dependent!
2018-05-02 14:40:25,975 [Worker-71] WARN  o.e.m.c.i.embedder.EclipseLogger - Using platform encoding (UTF-8 actually) to copy filtered resources, i.e. build is platform dependent!
2018-05-02 14:40:25,977 [Worker-71] INFO  o.e.m.c.i.embedder.EclipseLogger - Copying 0 resource
2018-05-02 14:40:25,998 [Worker-71] WARN  o.e.m.c.i.embedder.EclipseLogger - Using platform encoding (UTF-8 actually) to copy filtered resources, i.e. build is platform dependent!
2018-05-02 14:40:25,998 [Worker-71] INFO  o.e.m.c.i.embedder.EclipseLogger - Copying 0 resource
2018-05-02 15:26:45,420 [Worker-12] WARN  o.e.m.c.i.embedder.EclipseLogger - Using platform encoding (UTF-8 actually) to copy filtered resources, i.e. build is platform dependent!
2018-05-02 15:26:45,484 [Worker-12] INFO  o.e.m.c.i.embedder.EclipseLogger - Copying 0 resource
2018-05-02 15:26:45,488 [Worker-12] WARN  o.e.m.c.i.embedder.EclipseLogger - Using platform encoding (UTF-8 actually) to copy filtered resources, i.e. build is platform dependent!
2018-05-02 15:26:45,489 [Worker-12] INFO  o.e.m.c.i.embedder.EclipseLogger - Copying 0 resource
2018-05-02 15:27:44,918 [Worker-3] WARN  o.e.m.c.i.embedder.EclipseLogger - Using platform encoding (UTF-8 actually) to copy filtered resources, i.e. build is platform dependent!
2018-05-02 15:27:44,937 [Worker-3] INFO  o.e.m.c.i.embedder.EclipseLogger - Copying 0 resource
2018-05-02 15:27:44,939 [Worker-3] WARN  o.e.m.c.i.embedder.EclipseLogger - Using platform encoding (UTF-8 actually) to copy filtered resources, i.e. build is platform dependent!
2018-05-02 15:27:44,940 [Worker-3] INFO  o.e.m.c.i.embedder.EclipseLogger - Copying 0 resource
2018-05-02 15:28:09,439 [Worker-14] INFO  o.e.m.c.i.l.LifecycleMappingFactory - Using org.maven.ide.eclipse.wtp.WarLifecycleMapping lifecycle mapping for MavenProject: andre.wendel:TesteMaven:0.0.1-SNAPSHOT @ /mnt/589CD3813D8175C1/usuario/docs/estudo/eclipse/JavaEE/EstudoJSF/TesteMaven/pom.xml.
2018-05-02 15:28:11,287 [Worker-14] INFO  o.e.m.c.i.e.AbstractTransferListenerAdapter - Downloaded http://repository.primefaces.org/com/sun/faces/jsf-api/2.2.2/jsf-api-2.2.2.pom
2018-05-02 15:28:12,023 [Worker-14] INFO  o.e.m.c.i.e.AbstractTransferListenerAdapter - Downloading https://repo.maven.apache.org/maven2/com/sun/faces/jsf-api/2.2.2/jsf-api-2.2.2.pom
2018-05-02 15:28:12,385 [Worker-14] INFO  o.e.m.c.i.e.AbstractTransferListenerAdapter - Downloaded https://repo.maven.apache.org/maven2/com/sun/faces/jsf-api/2.2.2/jsf-api-2.2.2.pom
2018-05-02 15:28:13,059 [Worker-14] INFO  o.e.m.c.i.e.AbstractTransferListenerAdapter - Downloaded http://repository.primefaces.org/com/sun/faces/jsf-api/2.2.2/jsf-api-2.2.2.jar
2018-05-02 15:28:13,193 [Worker-14] INFO  o.e.m.c.i.e.AbstractTransferListenerAdapter - Downloading https://repo.maven.apache.org/maven2/com/sun/faces/jsf-api/2.2.2/jsf-api-2.2.2.jar
2018-05-02 15:28:18,505 [Worker-14] INFO  o.e.m.c.i.e.AbstractTransferListenerAdapter - Downloaded https://repo.maven.apache.org/maven2/com/sun/faces/jsf-api/2.2.2/jsf-api-2.2.2.jar
2018-05-02 15:28:19,907 [Worker-14] WARN  o.e.m.c.i.embedder.EclipseLogger - Using platform encoding (UTF-8 actually) to copy filtered resources, i.e. build is platform dependent!
2018-05-02 15:28:19,910 [Worker-14] INFO  o.e.m.c.i.embedder.EclipseLogger - Copying 0 resource
2018-05-02 15:28:19,912 [Worker-14] WARN  o.e.m.c.i.embedder.EclipseLogger - Using platform encoding (UTF-8 actually) to copy filtered resources, i.e. build is platform dependent!
2018-05-02 15:28:19,913 [Worker-14] INFO  o.e.m.c.i.embedder.EclipseLogger - Copying 0 resource
2018-05-02 15:28:19,925 [Worker-14] INFO  o.e.m.w.i.f.ResourceFilteringBuildParticipant - Changed resources require a complete clean of filtered resources of TesteMaven
2018-05-02 15:28:19,926 [Worker-14] INFO  o.e.m.w.i.f.ResourceFilteringBuildParticipant - Executing resource filtering for TesteMaven
2018-05-02 15:28:19,937 [Worker-14] WARN  o.e.m.c.i.embedder.EclipseLogger - Using platform encoding (UTF-8 actually) to copy filtered resources, i.e. build is platform dependent!
2018-05-02 15:28:21,125 [Worker-10] WARN  o.e.m.c.i.embedder.EclipseLogger - Using platform encoding (UTF-8 actually) to copy filtered resources, i.e. build is platform dependent!
2018-05-02 15:28:21,128 [Worker-10] INFO  o.e.m.c.i.embedder.EclipseLogger - Copying 0 resource
2018-05-02 15:28:21,130 [Worker-10] WARN  o.e.m.c.i.embedder.EclipseLogger - Using platform encoding (UTF-8 actually) to copy filtered resources, i.e. build is platform dependent!
2018-05-02 15:28:21,130 [Worker-10] INFO  o.e.m.c.i.embedder.EclipseLogger - Copying 0 resource
2018-05-02 15:33:38,249 [Worker-13] WARN  o.e.m.c.i.embedder.EclipseLogger - Using platform encoding (UTF-8 actually) to copy filtered resources, i.e. build is platform dependent!
2018-05-02 15:33:38,264 [Worker-13] INFO  o.e.m.c.i.embedder.EclipseLogger - Copying 0 resource
2018-05-02 15:33:38,266 [Worker-13] WARN  o.e.m.c.i.embedder.EclipseLogger - Using platform encoding (UTF-8 actually) to copy filtered resources, i.e. build is platform dependent!
2018-05-02 15:33:38,273 [Worker-13] INFO  o.e.m.c.i.embedder.EclipseLogger - Copying 0 resource
2018-05-02 15:33:54,266 [Worker-14] INFO  o.e.m.w.i.f.ResourceFilteringBuildParticipant - Cleaning filtered folder for TesteMaven
2018-05-02 15:33:54,484 [Worker-17] WARN  o.e.m.c.i.embedder.EclipseLogger - Using platform encoding (UTF-8 actually) to copy filtered resources, i.e. build is platform dependent!
2018-05-02 15:33:54,486 [Worker-17] INFO  o.e.m.c.i.embedder.EclipseLogger - Copying 0 resource
2018-05-02 15:33:54,487 [Worker-17] WARN  o.e.m.c.i.embedder.EclipseLogger - Using platform encoding (UTF-8 actually) to copy filtered resources, i.e. build is platform dependent!
2018-05-02 15:33:54,488 [Worker-17] INFO  o.e.m.c.i.embedder.EclipseLogger - Copying 0 resource
2018-05-02 15:33:54,489 [Worker-17] INFO  o.e.m.w.i.f.ResourceFilteringBuildParticipant - Changed resources require a complete clean of filtered resources of TesteMaven
2018-05-02 15:33:54,489 [Worker-17] INFO  o.e.m.w.i.f.ResourceFilteringBuildParticipant - Executing resource filtering for TesteMaven
2018-05-02 15:33:54,684 [Worker-17] WARN  o.e.m.c.i.embedder.EclipseLogger - Using platform encoding (UTF-8 actually) to copy filtered resources, i.e. build is platform dependent!
2018-05-02 15:38:43,044 [Worker-18] WARN  o.e.m.c.i.embedder.EclipseLogger - Using platform encoding (UTF-8 actually) to copy filtered resources, i.e. build is platform dependent!
2018-05-02 15:38:43,051 [Worker-18] INFO  o.e.m.c.i.embedder.EclipseLogger - Copying 0 resource
2018-05-02 15:38:43,054 [Worker-18] WARN  o.e.m.c.i.embedder.EclipseLogger - Using platform encoding (UTF-8 actually) to copy filtered resources, i.e. build is platform dependent!
2018-05-02 15:38:43,055 [Worker-18] INFO  o.e.m.c.i.embedder.EclipseLogger - Copying 0 resource
2018-05-02 15:38:57,858 [Worker-15] WARN  o.e.m.c.i.embedder.EclipseLogger - Using platform encoding (UTF-8 actually) to copy filtered resources, i.e. build is platform dependent!
2018-05-02 15:38:57,879 [Worker-15] INFO  o.e.m.c.i.embedder.EclipseLogger - Copying 0 resource
2018-05-02 15:38:57,880 [Worker-15] WARN  o.e.m.c.i.embedder.EclipseLogger - Using platform encoding (UTF-8 actually) to copy filtered resources, i.e. build is platform dependent!
2018-05-02 15:38:57,881 [Worker-15] INFO  o.e.m.c.i.embedder.EclipseLogger - Copying 0 resource
2018-05-02 15:42:56,846 [Worker-12] WARN  o.e.m.c.i.embedder.EclipseLogger - Using platform encoding (UTF-8 actually) to copy filtered resources, i.e. build is platform dependent!
2018-05-02 15:42:56,852 [Worker-12] INFO  o.e.m.c.i.embedder.EclipseLogger - Copying 0 resource
2018-05-02 15:42:56,854 [Worker-12] WARN  o.e.m.c.i.embedder.EclipseLogger - Using platform encoding (UTF-8 actually) to copy filtered resources, i.e. build is platform dependent!
2018-05-02 15:42:56,855 [Worker-12] INFO  o.e.m.c.i.embedder.EclipseLogger - Copying 0 resource
2018-05-02 15:44:18,066 [Worker-15] WARN  o.e.m.c.i.embedder.EclipseLogger - Using platform encoding (UTF-8 actually) to copy filtered resources, i.e. build is platform dependent!
2018-05-02 15:44:18,070 [Worker-15] INFO  o.e.m.c.i.embedder.EclipseLogger - Copying 0 resource
2018-05-02 15:44:18,072 [Worker-15] WARN  o.e.m.c.i.embedder.EclipseLogger - Using platform encoding (UTF-8 actually) to copy filtered resources, i.e. build is platform dependent!
2018-05-02 15:44:18,073 [Worker-15] INFO  o.e.m.c.i.embedder.EclipseLogger - Copying 0 resource
2018-05-02 15:46:52,537 [Worker-19] WARN  o.e.m.c.i.embedder.EclipseLogger - Using platform encoding (UTF-8 actually) to copy filtered resources, i.e. build is platform dependent!
2018-05-02 15:46:52,540 [Worker-19] INFO  o.e.m.c.i.embedder.EclipseLogger - Copying 0 resource
2018-05-02 15:46:52,550 [Worker-19] WARN  o.e.m.c.i.embedder.EclipseLogger - Using platform encoding (UTF-8 actually) to copy filtered resources, i.e. build is platform dependent!
2018-05-02 15:46:52,551 [Worker-19] INFO  o.e.m.c.i.embedder.EclipseLogger - Copying 0 resource
2018-05-02 15:47:06,918 [Worker-18] WARN  o.e.m.c.i.embedder.EclipseLogger - Using platform encoding (UTF-8 actually) to copy filtered resources, i.e. build is platform dependent!
2018-05-02 15:47:06,919 [Worker-18] INFO  o.e.m.c.i.embedder.EclipseLogger - Copying 0 resource
2018-05-02 15:47:06,920 [Worker-18] WARN  o.e.m.c.i.embedder.EclipseLogger - Using platform encoding (UTF-8 actually) to copy filtered resources, i.e. build is platform dependent!
2018-05-02 15:47:06,921 [Worker-18] INFO  o.e.m.c.i.embedder.EclipseLogger - Copying 0 resource
